<?xml version="1.0" encoding="UTF-8"?>
<!-- Generated by org.testng.reporters.JUnitReportReporter -->
<testsuite hostname="DESKTOP-J8D4657" failures="0" tests="2" name="LoginFeature" time="13.038" errors="0" timestamp="2021-09-27T13:54:09 EDT" skipped="0">
  <testcase classname="LoginFeature" name="Login_feature" time="5.818"/>
  <system-out/>
  <testcase classname="LoginFeature" name="Login_feature" time="7.220"/>
  <system-out/>
</testsuite> <!-- LoginFeature -->
